<?xml version="1.0" encoding="UTF-8"?><testsuite errors="0" failures="0" name="com.studentapp.studentinfo.TagsTest" skipped="0" tests="2" time="0.59" timestamp="2020-05-29T17:56:41.966+01:00[Europe/London]"><testcase classname="com.studentapp.studentinfo.TagsTest" name="This test will provide an error code of 400 when user tries to access an invalid resource"/><testcase classname="com.studentapp.studentinfo.TagsTest" name="This test will verify if a status code of 200 is returned for GET request"/></testsuite>